\BOOKMARK [0][-]{chapter.1}{\376\377\000\332\000v\000o\000d}{}% 1
\BOOKMARK [1][-]{section.1.1}{\376\377\000S\000t\000a\000v\000\040\000s\000\372\001\015\000a\000s\000n\000\375\000c\000h\000\040\000r\000i\000e\001\141\000e\000n\000\355}{chapter.1}% 2
\BOOKMARK [2][-]{subsection.1.1.1}{\376\377\000S\000u\000b\000t\000i\000t\000l\000e\000\040\000E\000d\000i\000t\000o\000r}{section.1.1}% 3
\BOOKMARK [2][-]{subsection.1.1.2}{\376\377\000K\000a\000p\000w\000i\000n\000g}{section.1.1}% 4
\BOOKMARK [2][-]{subsection.1.1.3}{\376\377\000S\000u\000b\000t\000i\000t\000l\000e\000\040\000W\000o\000r\000k\000s\000h\000o\000p}{section.1.1}% 5
\BOOKMARK [2][-]{subsection.1.1.4}{\376\377\000A\000e\000g\000i\000s\000u\000b}{section.1.1}% 6
\BOOKMARK [0][-]{chapter.2}{\376\377\000I\000m\000p\000l\000e\000m\000e\000n\000t\000\341\000c\000i\000a}{}% 7
\BOOKMARK [1][-]{section.2.1}{\376\377\000P\000r\000i\000e\000s\000k\000u\000m\000\040\000i\000m\000p\000l\000e\000m\000e\000n\000t\000a\001\015\000n\000\375\000c\000h\000\040\000t\000e\000c\000h\000n\000o\000l\000\363\000g\000i\000\355\000\040\000a\000\040\000n\000\341\000s\000t\000r\000o\000j\000o\000v}{chapter.2}% 8
\BOOKMARK [2][-]{subsection.2.1.1}{\376\377\000G\000U\000I}{section.2.1}% 9
\BOOKMARK [2][-]{subsection.2.1.2}{\376\377\000B\000a\000c\000k\000e\000n\000d}{section.2.1}% 10
\BOOKMARK [0][-]{chapter.3}{\376\377\000\332\000v\000o\000d\000\040\000\050\000z\000o\000\040\000s\000a\000b\000l\000o\000n\000y\000\051}{}% 11
\BOOKMARK [0][-]{chapter.4}{\376\377\000A\000b\000s\000t\000r\000a\000k\000t}{}% 12
\BOOKMARK [0][-]{chapter.5}{\376\377\000P\001\131\000\355\000p\000r\000a\000v\000a\000\040\000z\000\341\000k\000l\000a\000d\000n\000\355\000\040\000s\000t\000r\000u\000k\000t\000u\000r\000y\000\040\000p\000r\000\341\000c\000e}{}% 13
\BOOKMARK [1][-]{section.5.1}{\376\377\000U\001\176\000i\000t\000e\001\015\000n\000\351\000\040\000r\000a\000d\000y\000\040\000p\000r\000o\000\040\000p\000s\000a\000n\000\355\000\040\000o\000d\000b\000o\000r\000n\000\351\000h\000o\000\040\000t\000e\000x\000t\000u}{chapter.5}% 14
\BOOKMARK [1][-]{section.5.2}{\376\377\000K\000o\000m\000u\000\040\000s\000e\000\040\000p\000\355\001\141\000e\000\040\000d\000i\000p\000l\000o\000m\000k\000a}{chapter.5}% 15
\BOOKMARK [1][-]{section.5.3}{\376\377\000S\000t\000r\000u\000k\000t\000u\000r\000a\000\040\000d\000i\000p\000l\000o\000m\000o\000v\000\351\000\040\000p\000r\000\341\000c\000e\000\040\040\023\000\040\000P\001\033\000t\000\040\000k\000a\000p\000i\000t\000o\000l}{chapter.5}% 16
\BOOKMARK [1][-]{section.5.4}{\376\377\000D\000i\000p\000l\000o\000m\000k\000a\000\040\040\023\000\040\000k\000o\000m\000i\000k\000s\000o\000v\000\341\000\040\000e\000d\000i\000c\000e}{chapter.5}% 17
\BOOKMARK [1][-]{section.5.5}{\376\377\000J\000a\000k\000\040\000p\000o\000j\000m\000e\000n\000o\000v\000a\000t\000\040\000k\000a\000p\000i\000t\000o\000l\000y}{chapter.5}% 18
\BOOKMARK [1][-]{section.5.6}{\376\377\000O\000b\000e\000c\000n\000\351\000\040\000r\000a\000d\000y\000\040\000z\000k\000u\001\141\000e\000n\000\375\000c\000h\000\040\000v\000e\000d\000o\000u\000c\000\355\000c\000h}{chapter.5}% 19
\BOOKMARK [0][-]{chapter.6}{\376\377\000J\000e\000d\000n\000o\000t\000l\000i\000v\000\351\000\040\000k\000a\000p\000i\000t\000o\000l\000y\000\040\000p\000r\000\341\000c\000e}{}% 20
\BOOKMARK [1][-]{section.6.1}{\376\377\000O\000b\000s\000a\000h}{chapter.6}% 21
\BOOKMARK [1][-]{section.6.2}{\376\377\000\332\000v\000o\000d}{chapter.6}% 22
\BOOKMARK [1][-]{section.6.3}{\376\377\000S\000h\000r\000n\000u\000t\000\355\000\040\000d\000o\000s\000a\000v\000a\000d\000n\000\355\000h\000o\000\040\000s\000t\000a\000v\000u}{chapter.6}% 23
\BOOKMARK [1][-]{section.6.4}{\376\377\000D\000a\000t\000a}{chapter.6}% 24
\BOOKMARK [1][-]{section.6.5}{\376\377\000Z\000h\000o\000d\000n\000o\000c\000e\000n\000\355\000\040\000s\000o\000u\001\015\000a\000s\000n\000\351\000h\000o\000\040\000s\000t\000a\000v\000u\000\040\000a\000\040\000p\000l\000\341\000n\000\040\000p\000r\000\341\000c\000e\000\040\000\050\000n\000\341\000v\000r\000h\000\051}{chapter.6}% 25
\BOOKMARK [1][-]{section.6.6}{\376\377\000U\001\176\000i\000v\000a\000t\000e\000l\000s\000k\000\351\000\040\000r\000o\000z\000h\000r\000a\000n\000\355}{chapter.6}% 26
\BOOKMARK [1][-]{section.6.7}{\376\377\000I\000m\000p\000l\000e\000m\000e\000n\000t\000a\000c\000e}{chapter.6}% 27
\BOOKMARK [1][-]{section.6.8}{\376\377\000T\000e\000s\000t\000o\000v\000\341\000n\000\355}{chapter.6}% 28
\BOOKMARK [1][-]{section.6.9}{\376\377\000Z\000\341\000v\001\033\000r}{chapter.6}% 29
\BOOKMARK [1][-]{section.6.10}{\376\377\000P\001\131\000\355\000l\000o\000h\000y}{chapter.6}% 30
\BOOKMARK [0][-]{chapter.7}{\376\377\000P\000r\000a\000v\000i\000d\000l\000a\000\040\000p\000r\000o\000\040\000b\000i\000b\000l\000i\000o\000g\000r\000a\000f\000i\000c\000k\000\351\000\040\000c\000i\000t\000a\000c\000e}{}% 31
\BOOKMARK [1][-]{section.7.1}{\376\377\000D\000e\000f\000i\000n\000i\000c\000e\000\040\000p\000o\000j\000m\001\157}{chapter.7}% 32
\BOOKMARK [1][-]{section.7.2}{\376\377\000P\001\131\000e\000b\000\355\000r\000\341\000n\000\355\000\040\000c\000i\000z\000\355\000c\000h\000\040\000t\000e\000x\000t\001\157}{chapter.7}% 33
\BOOKMARK [1][-]{section.7.3}{\376\377\000Z\000\341\000k\000l\000a\000d\000n\000\355\000\040\000p\000r\000i\000n\000c\000i\000p\000y\000\040\000c\000i\000t\000o\000v\000\341\000n\000\355}{chapter.7}% 34
\BOOKMARK [1][-]{section.7.4}{\376\377\000C\000i\000t\000a\001\015\000n\000\355\000\040\000n\000o\000r\000m\000y}{chapter.7}% 35
\BOOKMARK [1][-]{section.7.5}{\376\377\000V\000y\000u\001\176\000i\000t\000\355\000\040\000e\000l\000e\000k\000t\000r\000o\000n\000i\000c\000k\000\375\000c\000h\000\040\000z\000d\000r\000o\000j\001\157}{chapter.7}% 36
\BOOKMARK [1][-]{section.7.6}{\376\377\000E\000v\000e\000r\000g\000r\000e\000e\000n\000:\000\040\000c\000i\000t\000o\000v\000\341\000n\000\355\000\040\000w\000e\000b\000u\000\040\000v\000s\000.\000\040\000p\000a\000p\000\355\000r\000u}{chapter.7}% 37
\BOOKMARK [1][-]{section.7.7}{\376\377\000S\000a\000z\000b\000a\000\040\000c\000i\000t\000a\000c\000\355}{chapter.7}% 38
\BOOKMARK [0][-]{chapter.8}{\376\377\000F\000o\000r\000m\000\341\000l\000n\000\355\000\040\000s\000t\000r\000\341\000n\000k\000a\000\040\000p\000r\000\341\000c\000e}{}% 39
\BOOKMARK [1][-]{section.8.1}{\376\377\001\014\000a\000s\000t\000\351\000\040\000c\000h\000y\000b\000y}{chapter.8}% 40
\BOOKMARK [0][-]{chapter.9}{\376\377\000O\000d\000e\000v\000z\000d\000\341\000n\000\355\000\040\000p\000r\000\341\000c\000e}{}% 41
\BOOKMARK [1][-]{section.9.1}{\376\377\000O\000d\000e\000v\000z\000d\000\341\000n\000\355\000\040\000l\000i\000s\000t\000i\000n\000n\000\351\000\040\000f\000o\000r\000m\000y\000\040\000p\000r\000\341\000c\000e}{chapter.9}% 42
\BOOKMARK [1][-]{section.9.2}{\376\377\000J\000a\000k\000\040\000o\000d\000e\000v\000z\000d\000a\000t\000\040\000p\000r\000\341\000c\000i\000\040\000v\000\040\000I\000S\000\040\000V\000U\000T}{chapter.9}% 43
\BOOKMARK [0][-]{chapter.10}{\376\377\000Z\000\341\000v\001\033\000r}{}% 44
\BOOKMARK [0][-]{appendix.A}{\376\377\000J\000a\000k\000\040\000p\000r\000a\000c\000o\000v\000a\000t\000\040\000s\000\040\000t\000o\000u\000t\000o\000\040\001\141\000a\000b\000l\000o\000n\000o\000u}{}% 45
\BOOKMARK [0][-]{appendix.B}{\376\377\000P\000s\000a\000n\000\355\000\040\000a\000n\000g\000l\000i\000c\000k\000\351\000h\000o\000\040\000t\000e\000x\000t\000u}{}% 46
\BOOKMARK [0][-]{appendix.C}{\376\377\000C\000h\000e\000c\000k\000l\000i\000s\000t}{}% 47
\BOOKMARK [0][-]{appendix.D}{\376\377\000L\000a\000T\000e\000X\000p\000r\000o\000\040\000z\000a\001\015\000\341\000t\000e\001\015\000n\000\355\000k\000y}{}% 48
\BOOKMARK [0][-]{appendix.E}{\376\377\000P\001\131\000\355\000k\000l\000a\000d\000y\000\040\000b\000i\000b\000l\000i\000o\000g\000r\000a\000f\000i\000c\000k\000\375\000c\000h\000\040\000c\000i\000t\000a\000c\000\355}{}% 49
